[0.068s] DEBUG:colcon:Command line arguments: ['/usr/bin/colcon', 'build']
[0.068s] DEBUG:colcon:Parsed command line arguments: Namespace(log_base=None, log_level=None, verb_name='build', build_base='build', install_base='install', merge_install=False, symlink_install=False, test_result_base=None, continue_on_error=False, executor='parallel', parallel_workers=24, event_handlers=None, ignore_user_meta=False, metas=['./colcon.meta'], base_paths=['.'], packages_ignore=None, packages_ignore_regex=None, paths=None, packages_up_to=None, packages_up_to_regex=None, packages_above=None, packages_above_and_dependencies=None, packages_above_depth=None, packages_select_by_dep=None, packages_skip_by_dep=None, packages_skip_up_to=None, packages_select_build_failed=False, packages_skip_build_finished=False, packages_select_test_failures=False, packages_skip_test_passed=False, packages_select=None, packages_skip=None, packages_select_regex=None, packages_skip_regex=None, packages_start=None, packages_end=None, allow_overriding=[], cmake_args=None, cmake_target=None, cmake_target_skip_unavailable=False, cmake_clean_cache=False, cmake_clean_first=False, cmake_force_configure=False, ament_cmake_args=None, catkin_cmake_args=None, catkin_skip_building_tests=False, mixin_files=None, mixin=None, verb_parser=<colcon_mixin.mixin.mixin_argument.MixinArgumentDecorator object at 0x7dfaa0299160>, verb_extension=<colcon_core.verb.build.BuildVerb object at 0x7dfaa0298a10>, main=<bound method BuildVerb.main of <colcon_core.verb.build.BuildVerb object at 0x7dfaa0298a10>>, mixin_verb=('build',))
[0.092s] Level 1:colcon.colcon_core.package_discovery:discover_packages(colcon_meta) check parameters
[0.093s] Level 1:colcon.colcon_core.package_discovery:discover_packages(recursive) check parameters
[0.093s] Level 1:colcon.colcon_core.package_discovery:discover_packages(ignore) check parameters
[0.093s] Level 1:colcon.colcon_core.package_discovery:discover_packages(path) check parameters
[0.093s] Level 1:colcon.colcon_core.package_discovery:discover_packages(colcon_meta) discover
[0.093s] Level 1:colcon.colcon_core.package_discovery:discover_packages(recursive) discover
[0.093s] INFO:colcon.colcon_core.package_discovery:Crawling recursively for packages in '/home/sachin/assignment-ros2-c-publisher-node-aasritha602'
[0.093s] Level 1:colcon.colcon_core.package_identification:_identify(.) by extensions ['ignore', 'ignore_ament_install']
[0.093s] Level 1:colcon.colcon_core.package_identification:_identify(.) by extension 'ignore'
[0.093s] Level 1:colcon.colcon_core.package_identification:_identify(.) by extension 'ignore_ament_install'
[0.093s] Level 1:colcon.colcon_core.package_identification:_identify(.) by extensions ['colcon_pkg']
[0.093s] Level 1:colcon.colcon_core.package_identification:_identify(.) by extension 'colcon_pkg'
[0.093s] Level 1:colcon.colcon_core.package_identification:_identify(.) by extensions ['colcon_meta']
[0.093s] Level 1:colcon.colcon_core.package_identification:_identify(.) by extension 'colcon_meta'
[0.093s] Level 1:colcon.colcon_core.package_identification:_identify(.) by extensions ['ros']
[0.093s] Level 1:colcon.colcon_core.package_identification:_identify(.) by extension 'ros'
[0.112s] DEBUG:colcon.colcon_core.package_identification:Package '.' with type 'ros.ament_cmake' and name 'ros2_publisher'
[0.112s] Level 1:colcon.colcon_core.package_discovery:discover_packages(recursive) using defaults
[0.112s] Level 1:colcon.colcon_core.package_discovery:discover_packages(ignore) discover
[0.112s] Level 1:colcon.colcon_core.package_discovery:discover_packages(ignore) using defaults
[0.112s] Level 1:colcon.colcon_core.package_discovery:discover_packages(path) discover
[0.112s] Level 1:colcon.colcon_core.package_discovery:discover_packages(path) using defaults
[0.124s] Level 1:colcon.colcon_core.package_discovery:discover_packages(prefix_path) check parameters
[0.124s] Level 1:colcon.colcon_core.package_discovery:discover_packages(prefix_path) discover
[0.126s] DEBUG:colcon.colcon_installed_package_information.package_discovery:Found 483 installed packages in /opt/ros/jazzy
[0.127s] Level 1:colcon.colcon_core.package_discovery:discover_packages(prefix_path) using defaults
[0.162s] Level 5:colcon.colcon_core.verb:set package 'ros2_publisher' build argument 'cmake_args' from command line to 'None'
[0.162s] Level 5:colcon.colcon_core.verb:set package 'ros2_publisher' build argument 'cmake_target' from command line to 'None'
[0.162s] Level 5:colcon.colcon_core.verb:set package 'ros2_publisher' build argument 'cmake_target_skip_unavailable' from command line to 'False'
[0.162s] Level 5:colcon.colcon_core.verb:set package 'ros2_publisher' build argument 'cmake_clean_cache' from command line to 'False'
[0.162s] Level 5:colcon.colcon_core.verb:set package 'ros2_publisher' build argument 'cmake_clean_first' from command line to 'False'
[0.162s] Level 5:colcon.colcon_core.verb:set package 'ros2_publisher' build argument 'cmake_force_configure' from command line to 'False'
[0.162s] Level 5:colcon.colcon_core.verb:set package 'ros2_publisher' build argument 'ament_cmake_args' from command line to 'None'
[0.162s] Level 5:colcon.colcon_core.verb:set package 'ros2_publisher' build argument 'catkin_cmake_args' from command line to 'None'
[0.162s] Level 5:colcon.colcon_core.verb:set package 'ros2_publisher' build argument 'catkin_skip_building_tests' from command line to 'False'
[0.162s] DEBUG:colcon.colcon_core.verb:Building package 'ros2_publisher' with the following arguments: {'ament_cmake_args': None, 'build_base': '/home/sachin/assignment-ros2-c-publisher-node-aasritha602/build/ros2_publisher', 'catkin_cmake_args': None, 'catkin_skip_building_tests': False, 'cmake_args': None, 'cmake_clean_cache': False, 'cmake_clean_first': False, 'cmake_force_configure': False, 'cmake_target': None, 'cmake_target_skip_unavailable': False, 'install_base': '/home/sachin/assignment-ros2-c-publisher-node-aasritha602/install/ros2_publisher', 'merge_install': False, 'path': '/home/sachin/assignment-ros2-c-publisher-node-aasritha602', 'symlink_install': False, 'test_result_base': None}
[0.162s] INFO:colcon.colcon_core.executor:Executing jobs using 'parallel' executor
[0.163s] DEBUG:colcon.colcon_parallel_executor.executor.parallel:run_until_complete
[0.163s] INFO:colcon.colcon_ros.task.ament_cmake.build:Building ROS package in '/home/sachin/assignment-ros2-c-publisher-node-aasritha602' with build type 'ament_cmake'
[0.163s] INFO:colcon.colcon_cmake.task.cmake.build:Building CMake package in '/home/sachin/assignment-ros2-c-publisher-node-aasritha602'
[0.164s] INFO:colcon.colcon_core.plugin_system:Skipping extension 'colcon_core.shell.bat': Not used on non-Windows systems
[0.165s] INFO:colcon.colcon_core.shell:Skip shell extension 'powershell' for command environment: Not usable outside of PowerShell
[0.165s] DEBUG:colcon.colcon_core.shell:Skip shell extension 'dsv' for command environment
[0.170s] DEBUG:colcon.colcon_core.event_handler.log_command:Invoking command in '/home/sachin/assignment-ros2-c-publisher-node-aasritha602/build/ros2_publisher': CMAKE_PREFIX_PATH=${CMAKE_PREFIX_PATH}:/opt/ros/jazzy DEBUGINFOD_URLS=https://debuginfod.ubuntu.com /usr/bin/cmake /home/sachin/assignment-ros2-c-publisher-node-aasritha602 -DCMAKE_INSTALL_PREFIX=/home/sachin/assignment-ros2-c-publisher-node-aasritha602/install/ros2_publisher
[1.262s] DEBUG:colcon.colcon_core.event_handler.log_command:Invoked command in '/home/sachin/assignment-ros2-c-publisher-node-aasritha602/build/ros2_publisher' returned '0': CMAKE_PREFIX_PATH=${CMAKE_PREFIX_PATH}:/opt/ros/jazzy DEBUGINFOD_URLS=https://debuginfod.ubuntu.com /usr/bin/cmake /home/sachin/assignment-ros2-c-publisher-node-aasritha602 -DCMAKE_INSTALL_PREFIX=/home/sachin/assignment-ros2-c-publisher-node-aasritha602/install/ros2_publisher
[1.262s] DEBUG:colcon.colcon_core.event_handler.log_command:Invoking command in '/home/sachin/assignment-ros2-c-publisher-node-aasritha602/build/ros2_publisher': CMAKE_PREFIX_PATH=${CMAKE_PREFIX_PATH}:/opt/ros/jazzy DEBUGINFOD_URLS=https://debuginfod.ubuntu.com /usr/bin/cmake --build /home/sachin/assignment-ros2-c-publisher-node-aasritha602/build/ros2_publisher -- -j24 -l24
[3.971s] DEBUG:colcon.colcon_core.event_handler.log_command:Invoked command in '/home/sachin/assignment-ros2-c-publisher-node-aasritha602/build/ros2_publisher' returned '0': CMAKE_PREFIX_PATH=${CMAKE_PREFIX_PATH}:/opt/ros/jazzy DEBUGINFOD_URLS=https://debuginfod.ubuntu.com /usr/bin/cmake --build /home/sachin/assignment-ros2-c-publisher-node-aasritha602/build/ros2_publisher -- -j24 -l24
[3.979s] DEBUG:colcon.colcon_core.event_handler.log_command:Invoking command in '/home/sachin/assignment-ros2-c-publisher-node-aasritha602/build/ros2_publisher': CMAKE_PREFIX_PATH=${CMAKE_PREFIX_PATH}:/opt/ros/jazzy DEBUGINFOD_URLS=https://debuginfod.ubuntu.com /usr/bin/cmake --install /home/sachin/assignment-ros2-c-publisher-node-aasritha602/build/ros2_publisher
[3.989s] Level 1:colcon.colcon_core.environment:create_environment_scripts_only(ros2_publisher)
[3.989s] DEBUG:colcon.colcon_core.event_handler.log_command:Invoked command in '/home/sachin/assignment-ros2-c-publisher-node-aasritha602/build/ros2_publisher' returned '0': CMAKE_PREFIX_PATH=${CMAKE_PREFIX_PATH}:/opt/ros/jazzy DEBUGINFOD_URLS=https://debuginfod.ubuntu.com /usr/bin/cmake --install /home/sachin/assignment-ros2-c-publisher-node-aasritha602/build/ros2_publisher
[3.991s] Level 1:colcon.colcon_core.environment:checking '/home/sachin/assignment-ros2-c-publisher-node-aasritha602/install/ros2_publisher' for CMake module files
[3.992s] Level 1:colcon.colcon_core.environment:checking '/home/sachin/assignment-ros2-c-publisher-node-aasritha602/install/ros2_publisher' for CMake config files
[3.992s] Level 1:colcon.colcon_core.shell:create_environment_hook('ros2_publisher', 'cmake_prefix_path')
[3.992s] INFO:colcon.colcon_core.shell:Creating environment hook '/home/sachin/assignment-ros2-c-publisher-node-aasritha602/install/ros2_publisher/share/ros2_publisher/hook/cmake_prefix_path.ps1'
[3.993s] INFO:colcon.colcon_core.shell:Creating environment descriptor '/home/sachin/assignment-ros2-c-publisher-node-aasritha602/install/ros2_publisher/share/ros2_publisher/hook/cmake_prefix_path.dsv'
[3.993s] INFO:colcon.colcon_core.shell:Creating environment hook '/home/sachin/assignment-ros2-c-publisher-node-aasritha602/install/ros2_publisher/share/ros2_publisher/hook/cmake_prefix_path.sh'
[3.994s] Level 1:colcon.colcon_core.environment:checking '/home/sachin/assignment-ros2-c-publisher-node-aasritha602/install/ros2_publisher/lib'
[3.994s] Level 1:colcon.colcon_core.environment:checking '/home/sachin/assignment-ros2-c-publisher-node-aasritha602/install/ros2_publisher/bin'
[3.994s] Level 1:colcon.colcon_core.environment:checking '/home/sachin/assignment-ros2-c-publisher-node-aasritha602/install/ros2_publisher/lib/pkgconfig/ros2_publisher.pc'
[3.994s] Level 1:colcon.colcon_core.environment:checking '/home/sachin/assignment-ros2-c-publisher-node-aasritha602/install/ros2_publisher/lib/python3.12/site-packages'
[3.995s] Level 1:colcon.colcon_core.environment:checking '/home/sachin/assignment-ros2-c-publisher-node-aasritha602/install/ros2_publisher/bin'
[3.995s] INFO:colcon.colcon_core.shell:Creating package script '/home/sachin/assignment-ros2-c-publisher-node-aasritha602/install/ros2_publisher/share/ros2_publisher/package.ps1'
[3.996s] INFO:colcon.colcon_core.shell:Creating package descriptor '/home/sachin/assignment-ros2-c-publisher-node-aasritha602/install/ros2_publisher/share/ros2_publisher/package.dsv'
[3.996s] INFO:colcon.colcon_core.shell:Creating package script '/home/sachin/assignment-ros2-c-publisher-node-aasritha602/install/ros2_publisher/share/ros2_publisher/package.sh'
[3.996s] INFO:colcon.colcon_core.shell:Creating package script '/home/sachin/assignment-ros2-c-publisher-node-aasritha602/install/ros2_publisher/share/ros2_publisher/package.bash'
[3.997s] INFO:colcon.colcon_core.shell:Creating package script '/home/sachin/assignment-ros2-c-publisher-node-aasritha602/install/ros2_publisher/share/ros2_publisher/package.zsh'
[3.997s] Level 1:colcon.colcon_core.environment:create_file_with_runtime_dependencies(/home/sachin/assignment-ros2-c-publisher-node-aasritha602/install/ros2_publisher/share/colcon-core/packages/ros2_publisher)
[3.998s] Level 1:colcon.colcon_core.environment:create_environment_scripts_only(ros2_publisher)
[3.998s] Level 1:colcon.colcon_core.environment:checking '/home/sachin/assignment-ros2-c-publisher-node-aasritha602/install/ros2_publisher' for CMake module files
[3.999s] Level 1:colcon.colcon_core.environment:checking '/home/sachin/assignment-ros2-c-publisher-node-aasritha602/install/ros2_publisher' for CMake config files
[3.999s] Level 1:colcon.colcon_core.shell:create_environment_hook('ros2_publisher', 'cmake_prefix_path')
[3.999s] INFO:colcon.colcon_core.shell:Creating environment hook '/home/sachin/assignment-ros2-c-publisher-node-aasritha602/install/ros2_publisher/share/ros2_publisher/hook/cmake_prefix_path.ps1'
[3.999s] INFO:colcon.colcon_core.shell:Creating environment descriptor '/home/sachin/assignment-ros2-c-publisher-node-aasritha602/install/ros2_publisher/share/ros2_publisher/hook/cmake_prefix_path.dsv'
[4.000s] INFO:colcon.colcon_core.shell:Creating environment hook '/home/sachin/assignment-ros2-c-publisher-node-aasritha602/install/ros2_publisher/share/ros2_publisher/hook/cmake_prefix_path.sh'
[4.000s] Level 1:colcon.colcon_core.environment:checking '/home/sachin/assignment-ros2-c-publisher-node-aasritha602/install/ros2_publisher/lib'
[4.000s] Level 1:colcon.colcon_core.environment:checking '/home/sachin/assignment-ros2-c-publisher-node-aasritha602/install/ros2_publisher/bin'
[4.000s] Level 1:colcon.colcon_core.environment:checking '/home/sachin/assignment-ros2-c-publisher-node-aasritha602/install/ros2_publisher/lib/pkgconfig/ros2_publisher.pc'
[4.001s] Level 1:colcon.colcon_core.environment:checking '/home/sachin/assignment-ros2-c-publisher-node-aasritha602/install/ros2_publisher/lib/python3.12/site-packages'
[4.001s] Level 1:colcon.colcon_core.environment:checking '/home/sachin/assignment-ros2-c-publisher-node-aasritha602/install/ros2_publisher/bin'
[4.001s] INFO:colcon.colcon_core.shell:Creating package script '/home/sachin/assignment-ros2-c-publisher-node-aasritha602/install/ros2_publisher/share/ros2_publisher/package.ps1'
[4.002s] INFO:colcon.colcon_core.shell:Creating package descriptor '/home/sachin/assignment-ros2-c-publisher-node-aasritha602/install/ros2_publisher/share/ros2_publisher/package.dsv'
[4.005s] INFO:colcon.colcon_core.shell:Creating package script '/home/sachin/assignment-ros2-c-publisher-node-aasritha602/install/ros2_publisher/share/ros2_publisher/package.sh'
[4.006s] INFO:colcon.colcon_core.shell:Creating package script '/home/sachin/assignment-ros2-c-publisher-node-aasritha602/install/ros2_publisher/share/ros2_publisher/package.bash'
[4.006s] INFO:colcon.colcon_core.shell:Creating package script '/home/sachin/assignment-ros2-c-publisher-node-aasritha602/install/ros2_publisher/share/ros2_publisher/package.zsh'
[4.006s] Level 1:colcon.colcon_core.environment:create_file_with_runtime_dependencies(/home/sachin/assignment-ros2-c-publisher-node-aasritha602/install/ros2_publisher/share/colcon-core/packages/ros2_publisher)
[4.006s] DEBUG:colcon.colcon_parallel_executor.executor.parallel:closing loop
[4.007s] DEBUG:colcon.colcon_parallel_executor.executor.parallel:loop closed
[4.007s] DEBUG:colcon.colcon_parallel_executor.executor.parallel:run_until_complete finished with '0'
[4.007s] DEBUG:colcon.colcon_core.event_reactor:joining thread
[4.024s] INFO:colcon.colcon_core.plugin_system:Skipping extension 'colcon_notification.desktop_notification.terminal_notifier': Not used on non-Darwin systems
[4.024s] INFO:colcon.colcon_core.plugin_system:Skipping extension 'colcon_notification.desktop_notification.win32': Not used on non-Windows systems
[4.024s] INFO:colcon.colcon_notification.desktop_notification:Sending desktop notification using 'notify2'
[4.037s] DEBUG:colcon.colcon_core.event_reactor:joined thread
[4.038s] INFO:colcon.colcon_core.shell:Creating prefix script '/home/sachin/assignment-ros2-c-publisher-node-aasritha602/install/local_setup.ps1'
[4.038s] INFO:colcon.colcon_core.shell:Creating prefix util module '/home/sachin/assignment-ros2-c-publisher-node-aasritha602/install/_local_setup_util_ps1.py'
[4.039s] INFO:colcon.colcon_core.shell:Creating prefix chain script '/home/sachin/assignment-ros2-c-publisher-node-aasritha602/install/setup.ps1'
[4.039s] INFO:colcon.colcon_core.shell:Creating prefix script '/home/sachin/assignment-ros2-c-publisher-node-aasritha602/install/local_setup.sh'
[4.040s] INFO:colcon.colcon_core.shell:Creating prefix util module '/home/sachin/assignment-ros2-c-publisher-node-aasritha602/install/_local_setup_util_sh.py'
[4.040s] INFO:colcon.colcon_core.shell:Creating prefix chain script '/home/sachin/assignment-ros2-c-publisher-node-aasritha602/install/setup.sh'
[4.041s] INFO:colcon.colcon_core.shell:Creating prefix script '/home/sachin/assignment-ros2-c-publisher-node-aasritha602/install/local_setup.bash'
[4.041s] INFO:colcon.colcon_core.shell:Creating prefix chain script '/home/sachin/assignment-ros2-c-publisher-node-aasritha602/install/setup.bash'
[4.041s] INFO:colcon.colcon_core.shell:Creating prefix script '/home/sachin/assignment-ros2-c-publisher-node-aasritha602/install/local_setup.zsh'
[4.042s] INFO:colcon.colcon_core.shell:Creating prefix chain script '/home/sachin/assignment-ros2-c-publisher-node-aasritha602/install/setup.zsh'
