[0.007s] Invoking command in '/home/sachin/assignment-ros2-c-publisher-node-aasritha602/build/ros2_publisher': CMAKE_PREFIX_PATH=${CMAKE_PREFIX_PATH}:/opt/ros/jazzy DEBUGINFOD_URLS=https://debuginfod.ubuntu.com /usr/bin/cmake /home/sachin/assignment-ros2-c-publisher-node-aasritha602 -DCMAKE_INSTALL_PREFIX=/home/sachin/assignment-ros2-c-publisher-node-aasritha602/install/ros2_publisher
[0.065s] -- The C compiler identification is GNU 13.3.0
[0.118s] -- The CXX compiler identification is GNU 13.3.0
[0.135s] -- Detecting C compiler ABI info
[0.251s] -- Detecting C compiler ABI info - done
[0.263s] -- Check for working C compiler: /usr/bin/cc - skipped
[0.263s] -- Detecting C compile features
[0.264s] -- Detecting C compile features - done
[0.274s] -- Detecting CXX compiler ABI info
[0.393s] -- Detecting CXX compiler ABI info - done
[0.399s] -- Check for working CXX compiler: /usr/bin/c++ - skipped
[0.399s] -- Detecting CXX compile features
[0.399s] -- Detecting CXX compile features - done
[0.402s] -- Found ament_cmake: 2.5.4 (/opt/ros/jazzy/share/ament_cmake/cmake)
[0.541s] -- Found Python3: /usr/bin/python3 (found version "3.12.3") found components: Interpreter 
[0.624s] -- Found rclcpp: 28.1.13 (/opt/ros/jazzy/share/rclcpp/cmake)
[0.661s] -- Found rosidl_generator_c: 4.6.6 (/opt/ros/jazzy/share/rosidl_generator_c/cmake)
[0.673s] -- Found rosidl_generator_cpp: 4.6.6 (/opt/ros/jazzy/share/rosidl_generator_cpp/cmake)
[0.687s] -- Using all available rosidl_typesupport_c: rosidl_typesupport_fastrtps_c;rosidl_typesupport_introspection_c
[0.702s] -- Using all available rosidl_typesupport_cpp: rosidl_typesupport_fastrtps_cpp;rosidl_typesupport_introspection_cpp
[0.765s] -- Found rmw_implementation_cmake: 7.3.2 (/opt/ros/jazzy/share/rmw_implementation_cmake/cmake)
[0.768s] -- Found rmw_fastrtps_cpp: 8.4.3 (/opt/ros/jazzy/share/rmw_fastrtps_cpp/cmake)
[0.859s] -- Found OpenSSL: /usr/lib/x86_64-linux-gnu/libcrypto.so (found version "3.0.13")  
[0.888s] -- Found FastRTPS: /opt/ros/jazzy/include (Required is at least version "2.13") 
[0.912s] -- Using RMW implementation 'rmw_fastrtps_cpp' as default
[0.973s] -- Found std_msgs: 5.3.6 (/opt/ros/jazzy/share/std_msgs/cmake)
[0.985s] -- Found ament_lint_auto: 0.17.3 (/opt/ros/jazzy/share/ament_lint_auto/cmake)
[1.069s] -- Added test 'copyright' to check source files copyright and LICENSE
[1.072s] -- Added test 'cppcheck' to perform static code analysis on C / C++ code
[1.072s] -- Configured cppcheck include dirs: 
[1.072s] -- Configured cppcheck exclude dirs and/or files: 
[1.075s] -- Added test 'cpplint' to check C / C++ code against the Google style
[1.075s] -- Configured cpplint exclude dirs and/or files: 
[1.077s] -- Added test 'lint_cmake' to check CMake code style
[1.080s] -- Added test 'uncrustify' to check C / C++ code style
[1.081s] -- Configured uncrustify additional arguments: 
[1.081s] -- Added test 'xmllint' to check XML markup files
[1.082s] -- Configuring done (1.1s)
[1.088s] -- Generating done (0.0s)
[1.091s] -- Build files have been written to: /home/sachin/assignment-ros2-c-publisher-node-aasritha602/build/ros2_publisher
[1.098s] Invoked command in '/home/sachin/assignment-ros2-c-publisher-node-aasritha602/build/ros2_publisher' returned '0': CMAKE_PREFIX_PATH=${CMAKE_PREFIX_PATH}:/opt/ros/jazzy DEBUGINFOD_URLS=https://debuginfod.ubuntu.com /usr/bin/cmake /home/sachin/assignment-ros2-c-publisher-node-aasritha602 -DCMAKE_INSTALL_PREFIX=/home/sachin/assignment-ros2-c-publisher-node-aasritha602/install/ros2_publisher
[1.099s] Invoking command in '/home/sachin/assignment-ros2-c-publisher-node-aasritha602/build/ros2_publisher': CMAKE_PREFIX_PATH=${CMAKE_PREFIX_PATH}:/opt/ros/jazzy DEBUGINFOD_URLS=https://debuginfod.ubuntu.com /usr/bin/cmake --build /home/sachin/assignment-ros2-c-publisher-node-aasritha602/build/ros2_publisher -- -j24 -l24
[1.149s] [ 50%] [32mBuilding CXX object CMakeFiles/publisher_node.dir/src/publisher_node.cpp.o[0m
[3.678s] [100%] [32m[1mLinking CXX executable publisher_node[0m
[3.797s] [100%] Built target publisher_node
[3.808s] Invoked command in '/home/sachin/assignment-ros2-c-publisher-node-aasritha602/build/ros2_publisher' returned '0': CMAKE_PREFIX_PATH=${CMAKE_PREFIX_PATH}:/opt/ros/jazzy DEBUGINFOD_URLS=https://debuginfod.ubuntu.com /usr/bin/cmake --build /home/sachin/assignment-ros2-c-publisher-node-aasritha602/build/ros2_publisher -- -j24 -l24
[3.816s] Invoking command in '/home/sachin/assignment-ros2-c-publisher-node-aasritha602/build/ros2_publisher': CMAKE_PREFIX_PATH=${CMAKE_PREFIX_PATH}:/opt/ros/jazzy DEBUGINFOD_URLS=https://debuginfod.ubuntu.com /usr/bin/cmake --install /home/sachin/assignment-ros2-c-publisher-node-aasritha602/build/ros2_publisher
[3.823s] -- Install configuration: ""
[3.823s] -- Installing: /home/sachin/assignment-ros2-c-publisher-node-aasritha602/install/ros2_publisher/lib/ros2_publisher/publisher_node
[3.824s] -- Set non-toolchain portion of runtime path of "/home/sachin/assignment-ros2-c-publisher-node-aasritha602/install/ros2_publisher/lib/ros2_publisher/publisher_node" to ""
[3.824s] -- Installing: /home/sachin/assignment-ros2-c-publisher-node-aasritha602/install/ros2_publisher/share/ament_index/resource_index/package_run_dependencies/ros2_publisher
[3.824s] -- Installing: /home/sachin/assignment-ros2-c-publisher-node-aasritha602/install/ros2_publisher/share/ament_index/resource_index/parent_prefix_path/ros2_publisher
[3.824s] -- Installing: /home/sachin/assignment-ros2-c-publisher-node-aasritha602/install/ros2_publisher/share/ros2_publisher/environment/ament_prefix_path.sh
[3.824s] -- Installing: /home/sachin/assignment-ros2-c-publisher-node-aasritha602/install/ros2_publisher/share/ros2_publisher/environment/ament_prefix_path.dsv
[3.824s] -- Installing: /home/sachin/assignment-ros2-c-publisher-node-aasritha602/install/ros2_publisher/share/ros2_publisher/environment/path.sh
[3.824s] -- Installing: /home/sachin/assignment-ros2-c-publisher-node-aasritha602/install/ros2_publisher/share/ros2_publisher/environment/path.dsv
[3.824s] -- Installing: /home/sachin/assignment-ros2-c-publisher-node-aasritha602/install/ros2_publisher/share/ros2_publisher/local_setup.bash
[3.824s] -- Installing: /home/sachin/assignment-ros2-c-publisher-node-aasritha602/install/ros2_publisher/share/ros2_publisher/local_setup.sh
[3.824s] -- Installing: /home/sachin/assignment-ros2-c-publisher-node-aasritha602/install/ros2_publisher/share/ros2_publisher/local_setup.zsh
[3.824s] -- Installing: /home/sachin/assignment-ros2-c-publisher-node-aasritha602/install/ros2_publisher/share/ros2_publisher/local_setup.dsv
[3.824s] -- Installing: /home/sachin/assignment-ros2-c-publisher-node-aasritha602/install/ros2_publisher/share/ros2_publisher/package.dsv
[3.824s] -- Installing: /home/sachin/assignment-ros2-c-publisher-node-aasritha602/install/ros2_publisher/share/ament_index/resource_index/packages/ros2_publisher
[3.824s] -- Installing: /home/sachin/assignment-ros2-c-publisher-node-aasritha602/install/ros2_publisher/share/ros2_publisher/cmake/ros2_publisherConfig.cmake
[3.824s] -- Installing: /home/sachin/assignment-ros2-c-publisher-node-aasritha602/install/ros2_publisher/share/ros2_publisher/cmake/ros2_publisherConfig-version.cmake
[3.825s] -- Installing: /home/sachin/assignment-ros2-c-publisher-node-aasritha602/install/ros2_publisher/share/ros2_publisher/package.xml
[3.825s] Invoked command in '/home/sachin/assignment-ros2-c-publisher-node-aasritha602/build/ros2_publisher' returned '0': CMAKE_PREFIX_PATH=${CMAKE_PREFIX_PATH}:/opt/ros/jazzy DEBUGINFOD_URLS=https://debuginfod.ubuntu.com /usr/bin/cmake --install /home/sachin/assignment-ros2-c-publisher-node-aasritha602/build/ros2_publisher
